Build started 30-05-2018 11:02:59 PM.
     1>Project "C:\PythonCourse\MRND Summer\Systems\MRND Key Store\MRND Key Store\MRND Key Store.vcxproj" on node 2 (Build target(s)).
     1>ClCompile:
         C:\Program Files (x86)\Microsoft Visual Studio 12.0\VC\bin\CL.exe /c /ZI /nologo /W3 /WX- /sdl /Od /Oy- /D _MBCS /D _MBCS /D _CRT_SECURE_NO_WARNINGS /Gm /EHsc /RTC1 /MDd /GS /fp:precise /Zc:wchar_t /Zc:forScope /Fo"Debug\\" /Fd"Debug\vc120.pdb" /Gd /TP /analyze- /errorReport:prompt key_store_main.cpp
         key_store_main.cpp
     1>c:\pythoncourse\mrnd summer\systems\mrnd key store\mrnd key store\key_store_main.cpp(15): warning C4091: 'typedef ' : ignored on left of 'columnlist' when no variable is declared
     1>c:\pythoncourse\mrnd summer\systems\mrnd key store\mrnd key store\key_store_main.cpp(22): warning C4091: 'typedef ' : ignored on left of 'rowlist' when no variable is declared
     1>c:\pythoncourse\mrnd summer\systems\mrnd key store\mrnd key store\key_store_main.cpp(30): warning C4091: 'typedef ' : ignored on left of 'table' when no variable is declared
     1>c:\pythoncourse\mrnd summer\systems\mrnd key store\mrnd key store\key_store_main.cpp(35): warning C4091: 'typedef ' : ignored on left of 'tables' when no variable is declared
     1>c:\pythoncourse\mrnd summer\systems\mrnd key store\mrnd key store\key_store_main.cpp(41): warning C4101: 'colname' : unreferenced local variable
     1>c:\pythoncourse\mrnd summer\systems\mrnd key store\mrnd key store\key_store_main.cpp(132): warning C4101: 'temp' : unreferenced local variable
     1>c:\pythoncourse\mrnd summer\systems\mrnd key store\mrnd key store\key_store_main.cpp(244): warning C4101: 'colname' : unreferenced local variable
     1>c:\pythoncourse\mrnd summer\systems\mrnd key store\mrnd key store\key_store_main.cpp(421): warning C4101: 'col' : unreferenced local variable
     1>c:\pythoncourse\mrnd summer\systems\mrnd key store\mrnd key store\key_store_main.cpp(421): warning C4101: 'value' : unreferenced local variable
       Link:
         C:\Program Files (x86)\Microsoft Visual Studio 12.0\VC\bin\link.exe /ERRORREPORT:PROMPT /OUT:"C:\PythonCourse\MRND Summer\Systems\MRND Key Store\Debug\MRND Key Store.exe" /INCREMENTAL /NOLOGO kernel32.lib user32.lib gdi32.lib winspool.lib comdlg32.lib advapi32.lib shell32.lib ole32.lib oleaut32.lib uuid.lib odbc32.lib odbccp32.lib /MANIFEST /MANIFESTUAC:"level='asInvoker' uiAccess='false'" /manifest:embed /DEBUG /PDB:"C:\PythonCourse\MRND Summer\Systems\MRND Key Store\Debug\MRND Key Store.pdb" /TLBID:1 /DYNAMICBASE /NXCOMPAT /IMPLIB:"C:\PythonCourse\MRND Summer\Systems\MRND Key Store\Debug\MRND Key Store.lib" /MACHINE:X86 Debug\key_store_main.obj
         MRND Key Store.vcxproj -> C:\PythonCourse\MRND Summer\Systems\MRND Key Store\Debug\MRND Key Store.exe
     1>Done Building Project "C:\PythonCourse\MRND Summer\Systems\MRND Key Store\MRND Key Store\MRND Key Store.vcxproj" (Build target(s)).

Build succeeded.

Time Elapsed 00:00:00.89
